<?xml version="1.0" encoding="UTF-8" standalone="no"?>
<!DOCTYPE log SYSTEM "logger.dtd">
<log>
<record>
  <date>2022-04-29T20:30:12.684730600Z</date>
  <millis>1651264212684</millis>
  <nanos>730600</nanos>
  <sequence>1</sequence>
  <logger>edu.baylor.ecs.csi3471.groupProject.Business.Runner</logger>
  <level>INFO</level>
  <class>edu.baylor.ecs.csi3471.groupProject.Business.DailyCheckIn</class>
  <method>showBalance</method>
  <thread>28</thread>
  <message>starting rendering of balance</message>
</record>
<record>
  <date>2022-04-29T20:30:12.725848200Z</date>
  <millis>1651264212725</millis>
  <nanos>848200</nanos>
  <sequence>2</sequence>
  <logger>edu.baylor.ecs.csi3471.groupProject.Business.Runner</logger>
  <level>INFO</level>
  <class>edu.baylor.ecs.csi3471.groupProject.Persistence.UserDAO</class>
  <method>updateUser</method>
  <thread>28</thread>
  <message>updating the user</message>
</record>
<record>
  <date>2022-04-29T20:30:12.726849800Z</date>
  <millis>1651264212726</millis>
  <nanos>849800</nanos>
  <sequence>3</sequence>
  <logger>edu.baylor.ecs.csi3471.groupProject.Business.Runner</logger>
  <level>INFO</level>
  <class>edu.baylor.ecs.csi3471.groupProject.Persistence.UserDAO</class>
  <method>getUsers</method>
  <thread>28</thread>
  <message>getting all the users from the file into list</message>
</record>
<record>
  <date>2022-04-29T20:30:12.730775900Z</date>
  <millis>1651264212730</millis>
  <nanos>775900</nanos>
  <sequence>4</sequence>
  <logger>edu.baylor.ecs.csi3471.groupProject.Business.Runner</logger>
  <level>INFO</level>
  <class>edu.baylor.ecs.csi3471.groupProject.Business.DailyCheckIn</class>
  <method>showBalance</method>
  <thread>28</thread>
  <message>balance rendered</message>
</record>
<record>
  <date>2022-04-29T20:30:12.749771700Z</date>
  <millis>1651264212749</millis>
  <nanos>771700</nanos>
  <sequence>5</sequence>
  <logger>edu.baylor.ecs.csi3471.groupProject.Business.Runner</logger>
  <level>INFO</level>
  <class>edu.baylor.ecs.csi3471.groupProject.Business.Character</class>
  <method>&lt;init&gt;</method>
  <thread>28</thread>
  <message>Character Speed created from splitting constructor</message>
</record>
<record>
  <date>2022-04-29T20:30:12.749771700Z</date>
  <millis>1651264212749</millis>
  <nanos>771700</nanos>
  <sequence>6</sequence>
  <logger>edu.baylor.ecs.csi3471.groupProject.Business.Runner</logger>
  <level>INFO</level>
  <class>edu.baylor.ecs.csi3471.groupProject.Business.Character</class>
  <method>&lt;init&gt;</method>
  <thread>28</thread>
  <message>Character Jidion created from splitting constructor</message>
</record>
<record>
  <date>2022-04-29T20:30:12.749771700Z</date>
  <millis>1651264212749</millis>
  <nanos>771700</nanos>
  <sequence>7</sequence>
  <logger>edu.baylor.ecs.csi3471.groupProject.Business.Runner</logger>
  <level>INFO</level>
  <class>edu.baylor.ecs.csi3471.groupProject.Business.Character</class>
  <method>&lt;init&gt;</method>
  <thread>28</thread>
  <message>Character Batman created from splitting constructor</message>
</record>
<record>
  <date>2022-04-29T20:30:12.749771700Z</date>
  <millis>1651264212749</millis>
  <nanos>771700</nanos>
  <sequence>8</sequence>
  <logger>edu.baylor.ecs.csi3471.groupProject.Business.Runner</logger>
  <level>INFO</level>
  <class>edu.baylor.ecs.csi3471.groupProject.Business.Character</class>
  <method>&lt;init&gt;</method>
  <thread>28</thread>
  <message>Character Superman created from splitting constructor</message>
</record>
<record>
  <date>2022-04-29T20:30:12.749771700Z</date>
  <millis>1651264212749</millis>
  <nanos>771700</nanos>
  <sequence>9</sequence>
  <logger>edu.baylor.ecs.csi3471.groupProject.Business.Runner</logger>
  <level>INFO</level>
  <class>edu.baylor.ecs.csi3471.groupProject.Business.Character</class>
  <method>&lt;init&gt;</method>
  <thread>28</thread>
  <message>Character Thanos created from splitting constructor</message>
</record>
<record>
  <date>2022-04-29T20:30:12.749771700Z</date>
  <millis>1651264212749</millis>
  <nanos>771700</nanos>
  <sequence>10</sequence>
  <logger>edu.baylor.ecs.csi3471.groupProject.Business.Runner</logger>
  <level>INFO</level>
  <class>edu.baylor.ecs.csi3471.groupProject.Business.Character</class>
  <method>&lt;init&gt;</method>
  <thread>28</thread>
  <message>Character Matthew Mayer created from splitting constructor</message>
</record>
<record>
  <date>2022-04-29T20:30:12.750771800Z</date>
  <millis>1651264212750</millis>
  <nanos>771800</nanos>
  <sequence>11</sequence>
  <logger>edu.baylor.ecs.csi3471.groupProject.Business.Runner</logger>
  <level>INFO</level>
  <class>edu.baylor.ecs.csi3471.groupProject.Business.Character</class>
  <method>&lt;init&gt;</method>
  <thread>28</thread>
  <message>Character Kirby created from splitting constructor</message>
</record>
<record>
  <date>2022-04-29T20:30:12.750771800Z</date>
  <millis>1651264212750</millis>
  <nanos>771800</nanos>
  <sequence>12</sequence>
  <logger>edu.baylor.ecs.csi3471.groupProject.Business.Runner</logger>
  <level>INFO</level>
  <class>edu.baylor.ecs.csi3471.groupProject.Business.Character</class>
  <method>&lt;init&gt;</method>
  <thread>28</thread>
  <message>Character Spider-Ham created from splitting constructor</message>
</record>
<record>
  <date>2022-04-29T20:30:12.750771800Z</date>
  <millis>1651264212750</millis>
  <nanos>771800</nanos>
  <sequence>13</sequence>
  <logger>edu.baylor.ecs.csi3471.groupProject.Business.Runner</logger>
  <level>INFO</level>
  <class>edu.baylor.ecs.csi3471.groupProject.Business.Character</class>
  <method>&lt;init&gt;</method>
  <thread>28</thread>
  <message>Character Jidion created from splitting constructor</message>
</record>
<record>
  <date>2022-04-29T20:30:12.750771800Z</date>
  <millis>1651264212750</millis>
  <nanos>771800</nanos>
  <sequence>14</sequence>
  <logger>edu.baylor.ecs.csi3471.groupProject.Business.Runner</logger>
  <level>INFO</level>
  <class>edu.baylor.ecs.csi3471.groupProject.Business.Character</class>
  <method>&lt;init&gt;</method>
  <thread>28</thread>
  <message>Character Superman created from splitting constructor</message>
</record>
<record>
  <date>2022-04-29T20:30:12.750771800Z</date>
  <millis>1651264212750</millis>
  <nanos>771800</nanos>
  <sequence>15</sequence>
  <logger>edu.baylor.ecs.csi3471.groupProject.Business.Runner</logger>
  <level>INFO</level>
  <class>edu.baylor.ecs.csi3471.groupProject.Business.Character</class>
  <method>&lt;init&gt;</method>
  <thread>28</thread>
  <message>Character Matthew Mayer created from splitting constructor</message>
</record>
<record>
  <date>2022-04-29T20:30:12.750771800Z</date>
  <millis>1651264212750</millis>
  <nanos>771800</nanos>
  <sequence>16</sequence>
  <logger>edu.baylor.ecs.csi3471.groupProject.Business.Runner</logger>
  <level>INFO</level>
  <class>edu.baylor.ecs.csi3471.groupProject.Business.Character</class>
  <method>&lt;init&gt;</method>
  <thread>28</thread>
  <message>Character Kirby created from splitting constructor</message>
</record>
<record>
  <date>2022-04-29T20:30:12.750771800Z</date>
  <millis>1651264212750</millis>
  <nanos>771800</nanos>
  <sequence>17</sequence>
  <logger>edu.baylor.ecs.csi3471.groupProject.Business.Runner</logger>
  <level>INFO</level>
  <class>edu.baylor.ecs.csi3471.groupProject.Business.Character</class>
  <method>&lt;init&gt;</method>
  <thread>28</thread>
  <message>Character Jidion created from splitting constructor</message>
</record>
<record>
  <date>2022-04-29T20:30:12.750771800Z</date>
  <millis>1651264212750</millis>
  <nanos>771800</nanos>
  <sequence>18</sequence>
  <logger>edu.baylor.ecs.csi3471.groupProject.Business.Runner</logger>
  <level>INFO</level>
  <class>edu.baylor.ecs.csi3471.groupProject.Business.Character</class>
  <method>&lt;init&gt;</method>
  <thread>28</thread>
  <message>Character Matthew Mayer created from splitting constructor</message>
</record>
<record>
  <date>2022-04-29T20:30:12.750771800Z</date>
  <millis>1651264212750</millis>
  <nanos>771800</nanos>
  <sequence>19</sequence>
  <logger>edu.baylor.ecs.csi3471.groupProject.Business.Runner</logger>
  <level>INFO</level>
  <class>edu.baylor.ecs.csi3471.groupProject.Business.Character</class>
  <method>&lt;init&gt;</method>
  <thread>28</thread>
  <message>Character Jidion created from splitting constructor</message>
</record>
</log>
